--------------------------------------------------------------------------------
Release 14.7 Trace  (lin64)
Copyright (c) 1995-2013 Xilinx, Inc.  All rights reserved.

/opt/Xilinx/14.7/ISE_DS/ISE/bin/lin64/unwrapped/trce -intstyle ise -v 3 -s 4 -n
3 -fastpaths -xml DSP.twx DSP.ncd -o DSP.twr DSP.pcf -ucf iodeco.ucf

Design file:              DSP.ncd
Physical constraint file: DSP.pcf
Device,package,speed:     xc3s500e,fg320,-4 (PRODUCTION 1.27 2013-10-13)
Report level:             verbose report

Environment Variable      Effect 
--------------------      ------ 
NONE                      No environment variables were set
--------------------------------------------------------------------------------

INFO:Timing:2698 - No timing constraints found, doing default enumeration.
INFO:Timing:3412 - To improve timing, see the Timing Closure User Guide (UG612).
INFO:Timing:2752 - To get complete path coverage, use the unconstrained paths 
   option. All paths that are not constrained will be reported in the 
   unconstrained paths section(s) of the report.
INFO:Timing:3339 - The clock-to-out numbers in this timing report are based on 
   a 50 Ohm transmission line loading model.  For the details of this model, 
   and for more information on accounting for different loading conditions, 
   please see the device datasheet.
INFO:Timing:3390 - This architecture does not support a default System Jitter 
   value, please add SYSTEM_JITTER constraint to the UCF to modify the Clock 
   Uncertainty calculation.
INFO:Timing:3389 - This architecture does not support 'Discrete Jitter' and 
   'Phase Error' calculations, these terms will be zero in the Clock 
   Uncertainty calculation.  Please make appropriate modification to 
   SYSTEM_JITTER to account for the unsupported Discrete Jitter and Phase 
   Error.



Data Sheet report:
-----------------
All values displayed in nanoseconds (ns)

Clock clk to Pad
------------+------------+------------------+--------+
            | clk (edge) |                  | Clock  |
Destination |   to PAD   |Internal Clock(s) | Phase  |
------------+------------+------------------+--------+
digitos<0>  |    9.679(R)|clk_BUFGP         |   0.000|
digitos<1>  |   10.156(R)|clk_BUFGP         |   0.000|
digitos<2>  |   10.426(R)|clk_BUFGP         |   0.000|
digitos<3>  |   10.113(R)|clk_BUFGP         |   0.000|
seven_seg<0>|   14.001(R)|clk_BUFGP         |   0.000|
seven_seg<1>|   12.815(R)|clk_BUFGP         |   0.000|
seven_seg<2>|   13.133(R)|clk_BUFGP         |   0.000|
seven_seg<3>|   12.583(R)|clk_BUFGP         |   0.000|
seven_seg<4>|   12.922(R)|clk_BUFGP         |   0.000|
seven_seg<5>|   14.102(R)|clk_BUFGP         |   0.000|
seven_seg<6>|   13.154(R)|clk_BUFGP         |   0.000|
------------+------------+------------------+--------+

Clock to Setup on destination clock clk
---------------+---------+---------+---------+---------+
               | Src:Rise| Src:Fall| Src:Rise| Src:Fall|
Source Clock   |Dest:Rise|Dest:Rise|Dest:Fall|Dest:Fall|
---------------+---------+---------+---------+---------+
clk            |    6.219|         |         |         |
---------------+---------+---------+---------+---------+


Analysis completed Thu Oct  5 03:33:54 2023 
--------------------------------------------------------------------------------

Trace Settings:
-------------------------
Trace Settings 

Peak Memory Usage: 348 MB



